<?xml version="1.0" encoding="UTF-8"?>
<!-- Generated by org.testng.reporters.JUnitReportReporter -->
<testsuite skipped="0" hostname="DESKTOP-0MDKGSP" name="test.Login_page_test" tests="2" failures="0" timestamp="19 Dec 2021 20:43:19 GMT" time="12.481" errors="0">
  <testcase name="PageTitleTest" time="6.125" classname="test.Login_page_test"/>
  <testcase name="loginTest" time="6.356" classname="test.Login_page_test"/>
</testsuite> <!-- test.Login_page_test -->
